6/17/2020 11:59:45 AM - ThreadId : 1 - LoadConfigFileJson - l_path : C:\Projects\Samples\ConfigManagerRest\Release\netcoreapp2.1\..\Config\ConfigManagerRest.Json File.Exist : True
6/17/2020 11:59:45 AM - ThreadId : 1 - LoadConfigFileJson -  Json : {"TraceLevel":100,"TraceProcess":"-Start-Config-","TracePath":"","TraceFileName":"ConfigManagerRest","RaiseEventToEveryone":1,"MultiThreadOperation":1,"SqlConnectionString":"me3SRRas9QG0Za0I0TkuteZuePVTkVMag00CROBvmYEYfVgk2QkrOSompSOADOnfoihn09KR4tDGBIZkhQp6fOjh/h/9tVvpiXxQxUvccVBF/8KjYesk+pG+ZQ9LX5J0c1MKgniQqu5aY3HZbbKfis0JW10FxGQBX+r9hLRnWpI=","Provider":null,"DebugMode":1,"ServiceId":"E71841EB-FD19-4E78-B79A-8B293F27ADE3","ServiceName":"ConfigManagerService"}
6/17/2020 11:59:51 AM - ThreadId : 1 - LoadConfigFileJson - ======================================================================
6/17/2020 11:59:51 AM - ThreadId : 1 - LoadConfigFileJson - TraceLevel : 100
6/17/2020 11:59:51 AM - ThreadId : 1 - LoadConfigFileJson - TraceProcess : -Start-Config-
6/17/2020 11:59:51 AM - ThreadId : 1 - LoadConfigFileJson - TracePath : 
6/17/2020 11:59:51 AM - ThreadId : 1 - LoadConfigFileJson - TraceFileName : ConfigManagerRest
6/17/2020 11:59:51 AM - ThreadId : 1 - LoadConfigFileJson - RaiseEventToEveryone : 1
6/17/2020 11:59:51 AM - ThreadId : 1 - LoadConfigFileJson - SqlConnectionString : me3SRRas9QG0Za0I0TkuteZuePVTkVMag00CROBvmYEYfVgk2QkrOSompSOADOnfoihn09KR4tDGBIZkhQp6fOjh/h/9tVvpiXxQxUvccVBF/8KjYesk+pG+ZQ9LX5J0c1MKgniQqu5aY3HZbbKfis0JW10FxGQBX+r9hLRnWpI=
6/17/2020 11:59:51 AM - ThreadId : 1 - LoadConfigFileJson - Provider : MsSql
6/17/2020 11:59:51 AM - ThreadId : 1 - LoadConfigFileJson - ServiceId : E71841EB-FD19-4E78-B79A-8B293F27ADE3
6/17/2020 11:59:51 AM - ThreadId : 1 - LoadConfigFileJson - ServiceName : ConfigManagerService
6/17/2020 11:59:51 AM - ThreadId : 1 - LoadConfigFileJson - MultiThreadOperation : 1
6/17/2020 12:01:49 PM - ThreadId : 4 - LoadConfigFileJson - l_path : C:\Projects\Samples\ConfigManagerRest\Release\netcoreapp2.1\..\Config\ConfigManagerRest.Json File.Exist : True
6/17/2020 12:01:49 PM - ThreadId : 4 - LoadConfigFileJson -  Json : {"TraceLevel":100,"TraceProcess":"-Start-Config-","TracePath":"","TraceFileName":"ConfigManagerRest","RaiseEventToEveryone":1,"MultiThreadOperation":1,"SqlConnectionString":"me3SRRas9QG0Za0I0TkuteZuePVTkVMag00CROBvmYEYfVgk2QkrOSompSOADOnfoihn09KR4tDGBIZkhQp6fErhzLHmhpHZWTYSFbXMD2UDAFzEElhr8NJvoB1p/0l84uo7P00/x6shqornPzShWzNP3BM0olKVaDpXbf5VuL1M8an3qODcEQ==","Provider":null,"DebugMode":1,"ServiceId":"E71841EB-FD19-4E78-B79A-8B293F27ADE3","ServiceName":"ConfigManagerService"}
6/17/2020 12:01:54 PM - ThreadId : 4 - LoadConfigFileJson - ======================================================================
6/17/2020 12:01:54 PM - ThreadId : 4 - LoadConfigFileJson - TraceLevel : 100
6/17/2020 12:01:54 PM - ThreadId : 4 - LoadConfigFileJson - TraceProcess : -Start-Config-
6/17/2020 12:01:54 PM - ThreadId : 4 - LoadConfigFileJson - TracePath : 
6/17/2020 12:01:54 PM - ThreadId : 4 - LoadConfigFileJson - TraceFileName : ConfigManagerRest
6/17/2020 12:01:54 PM - ThreadId : 4 - LoadConfigFileJson - RaiseEventToEveryone : 1
6/17/2020 12:01:54 PM - ThreadId : 4 - LoadConfigFileJson - SqlConnectionString : me3SRRas9QG0Za0I0TkuteZuePVTkVMag00CROBvmYEYfVgk2QkrOSompSOADOnfoihn09KR4tDGBIZkhQp6fErhzLHmhpHZWTYSFbXMD2UDAFzEElhr8NJvoB1p/0l84uo7P00/x6shqornPzShWzNP3BM0olKVaDpXbf5VuL1M8an3qODcEQ==
6/17/2020 12:01:54 PM - ThreadId : 4 - LoadConfigFileJson - Provider : MsSql
6/17/2020 12:01:54 PM - ThreadId : 4 - LoadConfigFileJson - ServiceId : E71841EB-FD19-4E78-B79A-8B293F27ADE3
6/17/2020 12:01:54 PM - ThreadId : 4 - LoadConfigFileJson - ServiceName : ConfigManagerService
6/17/2020 12:01:54 PM - ThreadId : 4 - LoadConfigFileJson - MultiThreadOperation : 1
6/17/2020 1:15:18 PM - ThreadId : 4 - LoadConfigFileJson - Exception : Newtonsoft.Json.JsonReaderException: Bad JSON escape sequence: \S. Path 'SqlConnectionString', line 10, position 46.
   at Newtonsoft.Json.JsonTextReader.ReadStringIntoBuffer(Char quote)
   at Newtonsoft.Json.JsonTextReader.ParseValue()
   at Newtonsoft.Json.JsonTextReader.Read()
   at Newtonsoft.Json.Linq.JContainer.ReadContentFrom(JsonReader r, JsonLoadSettings settings)
   at Newtonsoft.Json.Linq.JContainer.ReadTokenFrom(JsonReader reader, JsonLoadSettings options)
   at Newtonsoft.Json.Linq.JObject.Load(JsonReader reader, JsonLoadSettings settings)
   at Newtonsoft.Json.Linq.JObject.Parse(String json, JsonLoadSettings settings)
   at Newtonsoft.Json.Linq.JObject.Parse(String json)
   at ConfigManagerRest.Models.ConfigProcess.LoadConfigFileJson(Object sender, FileSystemEventArgs e) in C:\Projects\Samples\ConfigManagerRest\ConfigManagerRest\Models\ServiceConfig.cs:line 87
6/17/2020 1:16:10 PM - ThreadId : 1 - LoadConfigFileJson - Exception : Newtonsoft.Json.JsonReaderException: After parsing a value an unexpected character was encountered: ". Path 'SqlConnectionString', line 11, position 3.
   at Newtonsoft.Json.JsonTextReader.ParsePostValue(Boolean ignoreComments)
   at Newtonsoft.Json.JsonTextReader.Read()
   at Newtonsoft.Json.Linq.JContainer.ReadContentFrom(JsonReader r, JsonLoadSettings settings)
   at Newtonsoft.Json.Linq.JContainer.ReadTokenFrom(JsonReader reader, JsonLoadSettings options)
   at Newtonsoft.Json.Linq.JObject.Load(JsonReader reader, JsonLoadSettings settings)
   at Newtonsoft.Json.Linq.JObject.Parse(String json, JsonLoadSettings settings)
   at Newtonsoft.Json.Linq.JObject.Parse(String json)
   at ConfigManagerRest.Models.ConfigProcess.LoadConfigFileJson(Object sender, FileSystemEventArgs e) in C:\Projects\Samples\ConfigManagerRest\ConfigManagerRest\Models\ServiceConfig.cs:line 87
6/17/2020 1:16:39 PM - ThreadId : 1 - LoadConfigFileJson - Exception : Newtonsoft.Json.JsonReaderException: After parsing a value an unexpected character was encountered: ". Path 'SqlConnectionString', line 12, position 3.
   at Newtonsoft.Json.JsonTextReader.ParsePostValue(Boolean ignoreComments)
   at Newtonsoft.Json.JsonTextReader.Read()
   at Newtonsoft.Json.Linq.JContainer.ReadContentFrom(JsonReader r, JsonLoadSettings settings)
   at Newtonsoft.Json.Linq.JContainer.ReadTokenFrom(JsonReader reader, JsonLoadSettings options)
   at Newtonsoft.Json.Linq.JObject.Load(JsonReader reader, JsonLoadSettings settings)
   at Newtonsoft.Json.Linq.JObject.Parse(String json, JsonLoadSettings settings)
   at Newtonsoft.Json.Linq.JObject.Parse(String json)
   at ConfigManagerRest.Models.ConfigProcess.LoadConfigFileJson(Object sender, FileSystemEventArgs e) in C:\Projects\Samples\ConfigManagerRest\ConfigManagerRest\Models\ServiceConfig.cs:line 87
6/17/2020 1:16:48 PM - ThreadId : 1 - LoadConfigFileJson - l_path : C:\Projects\Samples\ConfigManagerRest\Release\netcoreapp2.1\..\Config\ConfigManagerRest.Json File.Exist : True
6/17/2020 1:16:48 PM - ThreadId : 1 - LoadConfigFileJson -  Json : {"TraceLevel":100,"TraceProcess":"-Start-Config-","TracePath":"","TraceFileName":"ConfigManagerRest","RaiseEventToEveryone":1,"MultiThreadOperation":1,"SqlConnectionString":"Data Source=YAYATA/SQLEXPRESS;Initial Catalog=ConfigManager;User Id=configuser;Password=1234asdf;MultipleActiveResultSets=true;","Provider":null,"DebugMode":1,"ServiceId":"E71841EB-FD19-4E78-B79A-8B293F27ADE3","ServiceName":"ConfigManagerService"}
6/17/2020 1:16:56 PM - ThreadId : 1 - LoadConfigFileJson - ======================================================================
6/17/2020 1:16:56 PM - ThreadId : 1 - LoadConfigFileJson - TraceLevel : 100
6/17/2020 1:16:56 PM - ThreadId : 1 - LoadConfigFileJson - TraceProcess : -Start-Config-
6/17/2020 1:16:56 PM - ThreadId : 1 - LoadConfigFileJson - TracePath : 
6/17/2020 1:16:56 PM - ThreadId : 1 - LoadConfigFileJson - TraceFileName : ConfigManagerRest
6/17/2020 1:16:56 PM - ThreadId : 1 - LoadConfigFileJson - RaiseEventToEveryone : 1
6/17/2020 1:16:56 PM - ThreadId : 1 - LoadConfigFileJson - SqlConnectionString : me3SRRas9QG0Za0I0TkutRTi2R0eJJ7jrsuBah0yOmseKtdi2yti/3YgRB61K+Zx9GUsBNTuvk0bOkDOLxXb0SVSp40PC+OYk3gmDJMVaKzwL3fq090RO1pa/A9wftvIpQR3p31yQ1e9Y2HCADsMnhh1xB7c7uCQ9ob1RI8agvo=
6/17/2020 1:16:56 PM - ThreadId : 1 - LoadConfigFileJson - Provider : MsSql
6/17/2020 1:16:56 PM - ThreadId : 1 - LoadConfigFileJson - ServiceId : E71841EB-FD19-4E78-B79A-8B293F27ADE3
6/17/2020 1:16:56 PM - ThreadId : 1 - LoadConfigFileJson - ServiceName : ConfigManagerService
6/17/2020 1:16:56 PM - ThreadId : 1 - LoadConfigFileJson - MultiThreadOperation : 1
6/17/2020 1:31:58 PM - ThreadId : 1 - LoadConfigFileJson - l_path : C:\Projects\Samples\ConfigManagerRest\Release\netcoreapp2.1\..\Config\ConfigManagerRest.Json File.Exist : True
6/17/2020 1:31:58 PM - ThreadId : 1 - LoadConfigFileJson -  Json : {"TraceLevel":100,"TraceProcess":"-Start-Config-","TracePath":"","TraceFileName":"ConfigManagerRest","RaiseEventToEveryone":1,"MultiThreadOperation":1,"SqlConnectionString":"Data Source=YAYATA/SQLEXPRESS;Initial Catalog=ConfigManager;User Id=configuser;Password=1234asdf;MultipleActiveResultSets=true;","Provider":null,"DebugMode":1,"ServiceId":"E71841EB-FD19-4E78-B79A-8B293F27ADE3","ServiceName":"ConfigManagerService"}
6/17/2020 1:31:59 PM - ThreadId : 1 - LoadConfigFileJson - ======================================================================
6/17/2020 1:31:59 PM - ThreadId : 1 - LoadConfigFileJson - TraceLevel : 100
6/17/2020 1:31:59 PM - ThreadId : 1 - LoadConfigFileJson - TraceProcess : -Start-Config-
6/17/2020 1:31:59 PM - ThreadId : 1 - LoadConfigFileJson - TracePath : 
6/17/2020 1:31:59 PM - ThreadId : 1 - LoadConfigFileJson - TraceFileName : ConfigManagerRest
6/17/2020 1:31:59 PM - ThreadId : 1 - LoadConfigFileJson - RaiseEventToEveryone : 1
6/17/2020 1:31:59 PM - ThreadId : 1 - LoadConfigFileJson - SqlConnectionString : me3SRRas9QG0Za0I0TkutRTi2R0eJJ7jrsuBah0yOmseKtdi2yti/3YgRB61K+Zx9GUsBNTuvk0bOkDOLxXb0SVSp40PC+OYk3gmDJMVaKzwL3fq090RO1pa/A9wftvIpQR3p31yQ1e9Y2HCADsMnhh1xB7c7uCQ9ob1RI8agvo=
6/17/2020 1:31:59 PM - ThreadId : 1 - LoadConfigFileJson - Provider : MsSql
6/17/2020 1:31:59 PM - ThreadId : 1 - LoadConfigFileJson - ServiceId : E71841EB-FD19-4E78-B79A-8B293F27ADE3
6/17/2020 1:31:59 PM - ThreadId : 1 - LoadConfigFileJson - ServiceName : ConfigManagerService
6/17/2020 1:31:59 PM - ThreadId : 1 - LoadConfigFileJson - MultiThreadOperation : 1
6/17/2020 1:33:52 PM - ThreadId : 1 - LoadConfigFileJson - Exception : Newtonsoft.Json.JsonReaderException: Invalid property identifier character: \. Path '', line 1, position 1.
   at Newtonsoft.Json.JsonTextReader.ParseProperty()
   at Newtonsoft.Json.JsonTextReader.ParseObject()
   at Newtonsoft.Json.JsonTextReader.Read()
   at Newtonsoft.Json.Linq.JContainer.ReadTokenFrom(JsonReader reader, JsonLoadSettings options)
   at Newtonsoft.Json.Linq.JObject.Load(JsonReader reader, JsonLoadSettings settings)
   at Newtonsoft.Json.Linq.JObject.Parse(String json, JsonLoadSettings settings)
   at Newtonsoft.Json.Linq.JObject.Parse(String json)
   at ConfigManagerRest.Models.ConfigProcess.LoadConfigFileJson(Object sender, FileSystemEventArgs e) in C:\Projects\Samples\ConfigManagerRest\ConfigManagerRest\Models\ServiceConfig.cs:line 89
6/17/2020 1:34:35 PM - ThreadId : 1 - LoadConfigFileJson - Exception : Newtonsoft.Json.JsonReaderException: Invalid property identifier character: \. Path '', line 1, position 1.
   at Newtonsoft.Json.JsonTextReader.ParseProperty()
   at Newtonsoft.Json.JsonTextReader.ParseObject()
   at Newtonsoft.Json.JsonTextReader.Read()
   at Newtonsoft.Json.Linq.JContainer.ReadTokenFrom(JsonReader reader, JsonLoadSettings options)
   at Newtonsoft.Json.Linq.JObject.Load(JsonReader reader, JsonLoadSettings settings)
   at Newtonsoft.Json.Linq.JObject.Parse(String json, JsonLoadSettings settings)
   at Newtonsoft.Json.Linq.JObject.Parse(String json)
   at ConfigManagerRest.Models.ConfigProcess.LoadConfigFileJson(Object sender, FileSystemEventArgs e)
6/17/2020 1:38:55 PM - ThreadId : 1 - LoadConfigFileJson - Exception : Newtonsoft.Json.JsonReaderException: Bad JSON escape sequence: \S. Path 'SqlConnectionString', line 10, position 46.
   at Newtonsoft.Json.JsonTextReader.ReadStringIntoBuffer(Char quote)
   at Newtonsoft.Json.JsonTextReader.ParseValue()
   at Newtonsoft.Json.JsonTextReader.Read()
   at Newtonsoft.Json.Linq.JContainer.ReadContentFrom(JsonReader r, JsonLoadSettings settings)
   at Newtonsoft.Json.Linq.JContainer.ReadTokenFrom(JsonReader reader, JsonLoadSettings options)
   at Newtonsoft.Json.Linq.JObject.Load(JsonReader reader, JsonLoadSettings settings)
   at Newtonsoft.Json.Linq.JObject.Parse(String json, JsonLoadSettings settings)
   at Newtonsoft.Json.Linq.JObject.Parse(String json)
   at ConfigManagerRest.Models.ConfigProcess.LoadConfigFileJson(Object sender, FileSystemEventArgs e)
6/17/2020 1:39:20 PM - ThreadId : 1 - LoadConfigFileJson - l_path : C:\Projects\Samples\ConfigManagerRest\Release\netcoreapp2.1\..\Config\ConfigManagerRest.Json File.Exist : True
6/17/2020 1:39:22 PM - ThreadId : 1 - LoadConfigFileJson -  Json : {"TraceLevel":100,"TraceProcess":"-Start-Config-","TracePath":"","TraceFileName":"ConfigManagerRest","RaiseEventToEveryone":1,"MultiThreadOperation":1,"SqlConnectionString":"Data Source=YAYATA\\SQLEXPRESS;Initial Catalog=ConfigManager;User Id=configuser;Password=1234asdf;MultipleActiveResultSets=true;","Provider":null,"DebugMode":1,"ServiceId":"E71841EB-FD19-4E78-B79A-8B293F27ADE3","ServiceName":"ConfigManagerService"}
6/17/2020 1:39:31 PM - ThreadId : 1 - LoadConfigFileJson - ======================================================================
6/17/2020 1:39:31 PM - ThreadId : 1 - LoadConfigFileJson - TraceLevel : 100
6/17/2020 1:39:31 PM - ThreadId : 1 - LoadConfigFileJson - TraceProcess : -Start-Config-
6/17/2020 1:39:31 PM - ThreadId : 1 - LoadConfigFileJson - TracePath : 
6/17/2020 1:39:31 PM - ThreadId : 1 - LoadConfigFileJson - TraceFileName : ConfigManagerRest
6/17/2020 1:39:31 PM - ThreadId : 1 - LoadConfigFileJson - RaiseEventToEveryone : 1
6/17/2020 1:39:31 PM - ThreadId : 1 - LoadConfigFileJson - SqlConnectionString : me3SRRas9QG0Za0I0TkuteZuePVTkVMag00CROBvmYEYfVgk2QkrOSompSOADOnfoihn09KR4tDGBIZkhQp6fErhzLHmhpHZWTYSFbXMD2UDAFzEElhr8NJvoB1p/0l8BT602xeJCqZxlH8SSlTJG58/R5TSOYBymE7rtGX7Aas=
6/17/2020 1:39:31 PM - ThreadId : 1 - LoadConfigFileJson - Provider : MsSql
6/17/2020 1:39:31 PM - ThreadId : 1 - LoadConfigFileJson - ServiceId : E71841EB-FD19-4E78-B79A-8B293F27ADE3
6/17/2020 1:39:31 PM - ThreadId : 1 - LoadConfigFileJson - ServiceName : ConfigManagerService
6/17/2020 1:39:31 PM - ThreadId : 1 - LoadConfigFileJson - MultiThreadOperation : 1
6/17/2020 1:40:23 PM - ThreadId : 14 - LoadConfigFileJson - l_path : C:\Projects\Samples\ConfigManagerRest\Release\netcoreapp2.1\..\Config\ConfigManagerRest.Json File.Exist : True
6/17/2020 1:40:23 PM - ThreadId : 14 - LoadConfigFileJson -  Json : {"TraceLevel":100,"TraceProcess":"-Start-Config-","TracePath":"","TraceFileName":"ConfigManagerRest","RaiseEventToEveryone":1,"MultiThreadOperation":1,"SqlConnectionString":"Data Source=YAYATA\\SQLEXPRESS;Initial Catalog=ConfigManager;User Id=configuser;Password=1234asdf;MultipleActiveResultSets=true;","Provider":null,"DebugMode":1,"ServiceId":"E71841EB-FD19-4E78-B79A-8B293F27ADE3","ServiceName":"ConfigManagerService"}
6/17/2020 1:40:25 PM - ThreadId : 14 - LoadConfigFileJson - ======================================================================
6/17/2020 1:40:25 PM - ThreadId : 14 - LoadConfigFileJson - TraceLevel : 100
6/17/2020 1:40:25 PM - ThreadId : 14 - LoadConfigFileJson - TraceProcess : -Start-Config-
6/17/2020 1:40:25 PM - ThreadId : 14 - LoadConfigFileJson - TracePath : 
6/17/2020 1:40:25 PM - ThreadId : 14 - LoadConfigFileJson - TraceFileName : ConfigManagerRest
6/17/2020 1:40:25 PM - ThreadId : 14 - LoadConfigFileJson - RaiseEventToEveryone : 1
6/17/2020 1:40:25 PM - ThreadId : 14 - LoadConfigFileJson - SqlConnectionString : me3SRRas9QG0Za0I0TkuteZuePVTkVMag00CROBvmYEYfVgk2QkrOSompSOADOnfoihn09KR4tDGBIZkhQp6fErhzLHmhpHZWTYSFbXMD2UDAFzEElhr8NJvoB1p/0l8BT602xeJCqZxlH8SSlTJG58/R5TSOYBymE7rtGX7Aas=
6/17/2020 1:40:25 PM - ThreadId : 14 - LoadConfigFileJson - Provider : MsSql
6/17/2020 1:40:25 PM - ThreadId : 14 - LoadConfigFileJson - ServiceId : E71841EB-FD19-4E78-B79A-8B293F27ADE3
6/17/2020 1:40:25 PM - ThreadId : 14 - LoadConfigFileJson - ServiceName : ConfigManagerService
6/17/2020 1:40:25 PM - ThreadId : 14 - LoadConfigFileJson - MultiThreadOperation : 1
